<?xml version="1.0" encoding="UTF-8"?>
<!-- Generated by org.testng.reporters.JUnitReportReporter -->
<testsuite hostname="LAPTOP-MM6RELJU" failures="0" tests="8" name="api.test.DataDrivenTest" time="1.510" errors="0" timestamp="2025-10-25T10:52:20 IST" skipped="0">
  <testcase classname="api.test.DataDrivenTest" name="testPostuser" time="0.027"/>
  <testcase classname="api.test.DataDrivenTest" name="testPostuser" time="0.022"/>
  <testcase classname="api.test.DataDrivenTest" name="testPostuser" time="1.349"/>
  <testcase classname="api.test.DataDrivenTest" name="testPostuser" time="0.023"/>
  <testcase classname="api.test.DataDrivenTest" name="testDeleteUserByName" time="0.016"/>
  <testcase classname="api.test.DataDrivenTest" name="testDeleteUserByName" time="0.040"/>
  <testcase classname="api.test.DataDrivenTest" name="testDeleteUserByName" time="0.017"/>
  <testcase classname="api.test.DataDrivenTest" name="testDeleteUserByName" time="0.016"/>
</testsuite> <!-- api.test.DataDrivenTest -->
