<?xml version="1.0" encoding="UTF-8"?>
<!-- Generated by org.testng.reporters.JUnitReportReporter -->
<testsuite hostname="LAPTOP-MM6RELJU" failures="0" tests="4" name="api.test.UserTest" time="1.865" errors="0" timestamp="2025-10-25T20:11:50 IST" skipped="0">
  <testcase classname="api.test.UserTest" name="testPostUser" time="1.752"/>
  <testcase classname="api.test.UserTest" name="getUserByName" time="0.041"/>
  <testcase classname="api.test.UserTest" name="updateUserByName" time="0.054"/>
  <testcase classname="api.test.UserTest" name="testDeleteUserByName" time="0.018"/>
</testsuite> <!-- api.test.UserTest -->
