<?xml version="1.0" encoding="UTF-8"?>
<!-- Generated by org.testng.reporters.JUnitReportReporter -->
<testsuite hostname="LAPTOP-MM6RELJU" failures="0" tests="8" name="api.test.DataDrivenTest" time="1.443" errors="0" timestamp="2025-10-25T15:31:04 IST" skipped="0">
  <testcase classname="api.test.DataDrivenTest" name="testPostuser" time="0.025"/>
  <testcase classname="api.test.DataDrivenTest" name="testPostuser" time="0.020"/>
  <testcase classname="api.test.DataDrivenTest" name="testPostuser" time="1.299"/>
  <testcase classname="api.test.DataDrivenTest" name="testPostuser" time="0.017"/>
  <testcase classname="api.test.DataDrivenTest" name="testDeleteUserByName" time="0.014"/>
  <testcase classname="api.test.DataDrivenTest" name="testDeleteUserByName" time="0.015"/>
  <testcase classname="api.test.DataDrivenTest" name="testDeleteUserByName" time="0.013"/>
  <testcase classname="api.test.DataDrivenTest" name="testDeleteUserByName" time="0.040"/>
</testsuite> <!-- api.test.DataDrivenTest -->
