<?xml version="1.0" encoding="UTF-8"?>
<!-- Generated by org.testng.reporters.JUnitReportReporter -->
<testsuite hostname="LAPTOP-MM6RELJU" failures="0" tests="8" name="api.test.DataDrivenTest" time="1.492" errors="0" timestamp="2025-10-25T11:53:31 IST" skipped="0">
  <testcase classname="api.test.DataDrivenTest" name="testPostuser" time="0.023"/>
  <testcase classname="api.test.DataDrivenTest" name="testPostuser" time="0.016"/>
  <testcase classname="api.test.DataDrivenTest" name="testPostuser" time="0.016"/>
  <testcase classname="api.test.DataDrivenTest" name="testPostuser" time="1.347"/>
  <testcase classname="api.test.DataDrivenTest" name="testDeleteUserByName" time="0.014"/>
  <testcase classname="api.test.DataDrivenTest" name="testDeleteUserByName" time="0.013"/>
  <testcase classname="api.test.DataDrivenTest" name="testDeleteUserByName" time="0.052"/>
  <testcase classname="api.test.DataDrivenTest" name="testDeleteUserByName" time="0.011"/>
</testsuite> <!-- api.test.DataDrivenTest -->
